find_header: checking for float.h... -------------------- yes

"gcc -o conftest -I/usr/include/x86_64-linux-gnu/ruby-2.3.0 -I/usr/include/ruby-2.3.0/ruby/backward -I/usr/include/ruby-2.3.0 -I. -Wdate-time -D_FORTIFY_SOURCE=2   -g -O2 -fstack-protector-strong -Wformat -Werror=format-security -fPIC conftest.c  -L. -L/usr/lib/x86_64-linux-gnu -L. -Wl,-Bsymbolic-functions -Wl,-z,relro -Wl,-z,now -fstack-protector -rdynamic -Wl,-export-dynamic     -lruby-2.3  -lpthread -lgmp -ldl -lcrypt -lm   -lc"
checked program was:
/* begin */
1: #include "ruby.h"
2: 
3: int main(int argc, char **argv)
4: {
5:   return 0;
6: }
/* end */

"gcc -E -I/usr/include/x86_64-linux-gnu/ruby-2.3.0 -I/usr/include/ruby-2.3.0/ruby/backward -I/usr/include/ruby-2.3.0 -I. -Wdate-time -D_FORTIFY_SOURCE=2   -g -O2 -fstack-protector-strong -Wformat -Werror=format-security -fPIC  conftest.c -o conftest.i"
checked program was:
/* begin */
1: #include "ruby.h"
2: 
3: #include <float.h>
/* end */

--------------------

find_header: checking for ruby.h... -------------------- yes

"gcc -E -I/usr/include/x86_64-linux-gnu/ruby-2.3.0 -I/usr/include/ruby-2.3.0/ruby/backward -I/usr/include/ruby-2.3.0 -I. -Wdate-time -D_FORTIFY_SOURCE=2   -g -O2 -fstack-protector-strong -Wformat -Werror=format-security -fPIC  conftest.c -o conftest.i"
checked program was:
/* begin */
1: #include "ruby.h"
2: 
3: #include <ruby.h>
/* end */

--------------------

find_header: checking for stdlib.h... -------------------- yes

"gcc -E -I/usr/include/x86_64-linux-gnu/ruby-2.3.0 -I/usr/include/ruby-2.3.0/ruby/backward -I/usr/include/ruby-2.3.0 -I. -Wdate-time -D_FORTIFY_SOURCE=2   -g -O2 -fstack-protector-strong -Wformat -Werror=format-security -fPIC  conftest.c -o conftest.i"
checked program was:
/* begin */
1: #include "ruby.h"
2: 
3: #include <stdlib.h>
/* end */

--------------------

find_header: checking for string.h... -------------------- yes

"gcc -E -I/usr/include/x86_64-linux-gnu/ruby-2.3.0 -I/usr/include/ruby-2.3.0/ruby/backward -I/usr/include/ruby-2.3.0 -I. -Wdate-time -D_FORTIFY_SOURCE=2   -g -O2 -fstack-protector-strong -Wformat -Werror=format-security -fPIC  conftest.c -o conftest.i"
checked program was:
/* begin */
1: #include "ruby.h"
2: 
3: #include <string.h>
/* end */

--------------------

have_header: checking for fcntl.h... -------------------- yes

"gcc -E -I/usr/include/x86_64-linux-gnu/ruby-2.3.0 -I/usr/include/ruby-2.3.0/ruby/backward -I/usr/include/ruby-2.3.0 -I. -Wdate-time -D_FORTIFY_SOURCE=2   -g -O2 -fstack-protector-strong -Wformat -Werror=format-security -fPIC  conftest.c -o conftest.i"
checked program was:
/* begin */
1: #include "ruby.h"
2: 
3: #include <fcntl.h>
/* end */

--------------------

have_header: checking for stdint.h... -------------------- yes

"gcc -E -I/usr/include/x86_64-linux-gnu/ruby-2.3.0 -I/usr/include/ruby-2.3.0/ruby/backward -I/usr/include/ruby-2.3.0 -I. -Wdate-time -D_FORTIFY_SOURCE=2   -g -O2 -fstack-protector-strong -Wformat -Werror=format-security -fPIC  conftest.c -o conftest.i"
checked program was:
/* begin */
1: #include "ruby.h"
2: 
3: #include <stdint.h>
/* end */

--------------------

have_header: checking for sys/errno.h... -------------------- yes

"gcc -E -I/usr/include/x86_64-linux-gnu/ruby-2.3.0 -I/usr/include/ruby-2.3.0/ruby/backward -I/usr/include/ruby-2.3.0 -I. -Wdate-time -D_FORTIFY_SOURCE=2   -g -O2 -fstack-protector-strong -Wformat -Werror=format-security -fPIC  conftest.c -o conftest.i"
checked program was:
/* begin */
1: #include "ruby.h"
2: 
3: #include <sys/errno.h>
/* end */

--------------------

have_header: checking for sys/socket.h... -------------------- yes

"gcc -E -I/usr/include/x86_64-linux-gnu/ruby-2.3.0 -I/usr/include/ruby-2.3.0/ruby/backward -I/usr/include/ruby-2.3.0 -I. -Wdate-time -D_FORTIFY_SOURCE=2   -g -O2 -fstack-protector-strong -Wformat -Werror=format-security -fPIC  conftest.c -o conftest.i"
checked program was:
/* begin */
1: #include "ruby.h"
2: 
3: #include <sys/socket.h>
/* end */

--------------------

have_header: checking for ruby/st.h... -------------------- yes

"gcc -E -I/usr/include/x86_64-linux-gnu/ruby-2.3.0 -I/usr/include/ruby-2.3.0/ruby/backward -I/usr/include/ruby-2.3.0 -I. -Wdate-time -D_FORTIFY_SOURCE=2   -g -O2 -fstack-protector-strong -Wformat -Werror=format-security -fPIC  conftest.c -o conftest.i"
checked program was:
/* begin */
1: #include "ruby.h"
2: 
3: #include <ruby/st.h>
/* end */

--------------------

have_header: checking for st.h... -------------------- yes

"gcc -E -I/usr/include/x86_64-linux-gnu/ruby-2.3.0 -I/usr/include/ruby-2.3.0/ruby/backward -I/usr/include/ruby-2.3.0 -I. -Wdate-time -D_FORTIFY_SOURCE=2   -g -O2 -fstack-protector-strong -Wformat -Werror=format-security -fPIC  conftest.c -o conftest.i"
In file included from conftest.c:3:0:
/usr/include/ruby-2.3.0/ruby/backward/st.h:2:2: warning: #warning use "ruby/st.h" instead of bare "st.h" [-Wcpp]
 #warning use "ruby/st.h" instead of bare "st.h"
  ^
checked program was:
/* begin */
1: #include "ruby.h"
2: 
3: #include <st.h>
/* end */

--------------------

have_library: checking for pthread_create() in -lpthread... -------------------- yes

"gcc -o conftest -I/usr/include/x86_64-linux-gnu/ruby-2.3.0 -I/usr/include/ruby-2.3.0/ruby/backward -I/usr/include/ruby-2.3.0 -I. -Wdate-time -D_FORTIFY_SOURCE=2   -g -O2 -fstack-protector-strong -Wformat -Werror=format-security -fPIC conftest.c  -L. -L/usr/lib/x86_64-linux-gnu -L. -Wl,-Bsymbolic-functions -Wl,-z,relro -Wl,-z,now -fstack-protector -rdynamic -Wl,-export-dynamic     -lruby-2.3 -lpthread  -lpthread -lgmp -ldl -lcrypt -lm   -lc"
conftest.c: In function ‘t’:
conftest.c:13:57: error: ‘pthread_create’ undeclared (first use in this function)
 int t(void) { void ((*volatile p)()); p = (void ((*)()))pthread_create; return !p; }
                                                         ^
conftest.c:13:57: note: each undeclared identifier is reported only once for each function it appears in
checked program was:
/* begin */
 1: #include "ruby.h"
 2: 
 3: /*top*/
 4: extern int t(void);
 5: int main(int argc, char **argv)
 6: {
 7:   if (argc > 1000000) {
 8:     printf("%p", &t);
 9:   }
10: 
11:   return 0;
12: }
13: int t(void) { void ((*volatile p)()); p = (void ((*)()))pthread_create; return !p; }
/* end */

"gcc -o conftest -I/usr/include/x86_64-linux-gnu/ruby-2.3.0 -I/usr/include/ruby-2.3.0/ruby/backward -I/usr/include/ruby-2.3.0 -I. -Wdate-time -D_FORTIFY_SOURCE=2   -g -O2 -fstack-protector-strong -Wformat -Werror=format-security -fPIC conftest.c  -L. -L/usr/lib/x86_64-linux-gnu -L. -Wl,-Bsymbolic-functions -Wl,-z,relro -Wl,-z,now -fstack-protector -rdynamic -Wl,-export-dynamic     -lruby-2.3 -lpthread  -lpthread -lgmp -ldl -lcrypt -lm   -lc"
checked program was:
/* begin */
 1: #include "ruby.h"
 2: 
 3: /*top*/
 4: extern int t(void);
 5: int main(int argc, char **argv)
 6: {
 7:   if (argc > 1000000) {
 8:     printf("%p", &t);
 9:   }
10: 
11:   return 0;
12: }
13: extern void pthread_create();
14: int t(void) { pthread_create(); return 0; }
/* end */

--------------------

